<?xml version="1.0" encoding="UTF-8"?>
<!-- Generated by org.testng.reporters.JUnitReportReporter -->
<testsuite hostname="LAPTOP-Q14NOQ9D" failures="0" tests="1" name="com.testrunner.TestRunner" time="10.473" errors="0" timestamp="26 Dec 2021 19:42:16 GMT" skipped="0">
  <testcase classname="com.testrunner.TestRunner" name="runScenario" time="10.473"/>
</testsuite> <!-- com.testrunner.TestRunner -->
